<?xml version="1.0" encoding="utf-8"?><testsuites name="pytest tests"><testsuite name="pytest" errors="0" failures="0" skipped="0" tests="18" time="5.278" timestamp="2026-05-09T12:31:22.232889+00:00" hostname="agent-env-3420d94b-7108-457b-bc53-1789e3f2ca08"><testcase classname="backend.tests.test_pass_a.TestUploads" name="test_upload_jpeg_returns_url" time="0.797" /><testcase classname="backend.tests.test_pass_a.TestUploads" name="test_get_uploaded_file_roundtrip" time="0.483" /><testcase classname="backend.tests.test_pass_a.TestUploads" name="test_upload_rejects_text_plain" time="0.105" /><testcase classname="backend.tests.test_pass_a.TestUploads" name="test_upload_requires_admin" time="0.436" /><testcase classname="backend.tests.test_pass_a.TestUploads" name="test_upload_no_auth" time="0.140" /><testcase classname="backend.tests.test_pass_a.TestWishlist" name="test_wishlist_no_auth_401" time="0.100" /><testcase classname="backend.tests.test_pass_a.TestWishlist" name="test_wishlist_add_invalid_pid_404" time="0.145" /><testcase classname="backend.tests.test_pass_a.TestWishlist" name="test_wishlist_add_get_delete" time="0.571" /><testcase classname="backend.tests.test_pass_a.TestReviews" name="test_get_reviews_public" time="0.099" /><testcase classname="backend.tests.test_pass_a.TestReviews" name="test_post_review_requires_auth" time="0.108" /><testcase classname="backend.tests.test_pass_a.TestReviews" name="test_post_review_invalid_rating_422" time="0.242" /><testcase classname="backend.tests.test_pass_a.TestReviews" name="test_post_review_creates_and_verified_buyer_flag" time="0.205" /><testcase classname="backend.tests.test_pass_a.TestReviews" name="test_admin_delete_review" time="0.417" /><testcase classname="backend.tests.test_pass_a.TestReviews" name="test_verified_buyer_after_order" time="0.208" /><testcase classname="backend.tests.test_pass_a.TestLowStock" name="test_customer_forbidden" time="0.103" /><testcase classname="backend.tests.test_pass_a.TestLowStock" name="test_default_threshold" time="0.101" /><testcase classname="backend.tests.test_pass_a.TestLowStock" name="test_custom_threshold" time="0.113" /><testcase classname="backend.tests.test_pass_a.TestOrderNotifyAndStock" name="test_place_order_decrements_stock" time="0.818" /></testsuite></testsuites>