<?xml version="1.0" encoding="utf-8"?><testsuites name="pytest tests"><testsuite name="pytest" errors="0" failures="1" skipped="0" tests="38" time="8.777" timestamp="2026-05-09T11:49:53.022980+00:00" hostname="agent-env-3420d94b-7108-457b-bc53-1789e3f2ca08"><testcase classname="backend.tests.backend_test.TestPublic" name="test_root" time="0.289" /><testcase classname="backend.tests.backend_test.TestPublic" name="test_categories" time="0.048" /><testcase classname="backend.tests.backend_test.TestPublic" name="test_services" time="0.047" /><testcase classname="backend.tests.backend_test.TestPublic" name="test_products_list" time="0.076" /><testcase classname="backend.tests.backend_test.TestPublic" name="test_product_detail_with_recs" time="0.093" /><testcase classname="backend.tests.backend_test.TestPublic" name="test_product_404" time="0.049" /><testcase classname="backend.tests.backend_test.TestAuth" name="test_register_and_login" time="0.272"><failure message="AssertionError: assert ('token' in {'token': 'eyJhbGciOiJIUzI1NiIsInR5cCI6IkpXVCJ9.eyJzdWIiOiI3ZGI3MDU5Ny04MDI2LTQwMzgtOGEwYi04NWM4NWFkYTk3OTgiLCJlbWFpbCI6InRlc3RfMmNiNjViOGJAZXhhbXBsZS5jb20iLCJyb2xlIjoiY3VzdG9tZXIiLCJleHAiOjE3Nzg5MzIxOTQsImlhdCI6MTc3ODMyNzM5NH0.xfq2tryDEundnkZms8eOojXDtZukuxbyLg7WHV-adT0', 'user': {'created_at': '2026-05-09T11:49:54.026540+00:00', 'email': 'test_2cb65b8b@example.com', 'id': '7db70597-8026-4038-8a0b-85c85ada9798', 'measurements': {}, ...}} and 'test_2cb65b8b@example.com' == 'TEST_2cb65b8b@example.com'&#10;  &#10;  - TEST_2cb65b8b@example.com&#10;  ? ^^^^&#10;  + test_2cb65b8b@example.com&#10;  ? ^^^^)">backend/tests/backend_test.py:112: in test_register_and_login
    assert "token" in body and body["user"]["email"] == email
E   AssertionError: assert ('token' in {'token': 'eyJhbGciOiJIUzI1NiIsInR5cCI6IkpXVCJ9.eyJzdWIiOiI3ZGI3MDU5Ny04MDI2LTQwMzgtOGEwYi04NWM4NWFkYTk3OTgiLCJlbWFpbCI6InRlc3RfMmNiNjViOGJAZXhhbXBsZS5jb20iLCJyb2xlIjoiY3VzdG9tZXIiLCJleHAiOjE3Nzg5MzIxOTQsImlhdCI6MTc3ODMyNzM5NH0.xfq2tryDEundnkZms8eOojXDtZukuxbyLg7WHV-adT0', 'user': {'created_at': '2026-05-09T11:49:54.026540+00:00', 'email': 'test_2cb65b8b@example.com', 'id': '7db70597-8026-4038-8a0b-85c85ada9798', 'measurements': {}, ...}} and 'test_2cb65b8b@example.com' == 'TEST_2cb65b8b@example.com'
E     
E     - TEST_2cb65b8b@example.com
E     ? ^^^^
E     + test_2cb65b8b@example.com
E     ? ^^^^)</failure></testcase><testcase classname="backend.tests.backend_test.TestAuth" name="test_login_invalid" time="0.046" /><testcase classname="backend.tests.backend_test.TestAuth" name="test_me_without_token" time="0.123" /><testcase classname="backend.tests.backend_test.TestAuth" name="test_save_measurements" time="0.360" /><testcase classname="backend.tests.backend_test.TestCoupons" name="test_siri10" time="0.046" /><testcase classname="backend.tests.backend_test.TestCoupons" name="test_spring15_below_min" time="0.043" /><testcase classname="backend.tests.backend_test.TestCoupons" name="test_spring15_ok" time="0.045" /><testcase classname="backend.tests.backend_test.TestCoupons" name="test_wed2500_below_min" time="0.045" /><testcase classname="backend.tests.backend_test.TestCoupons" name="test_wed2500_flat" time="0.045" /><testcase classname="backend.tests.backend_test.TestCoupons" name="test_invalid_coupon" time="0.044" /><testcase classname="backend.tests.backend_test.TestOrders" name="test_place_order_no_auth" time="0.101" /><testcase classname="backend.tests.backend_test.TestOrders" name="test_place_order_below_5000_shipping" time="0.048" /><testcase classname="backend.tests.backend_test.TestOrders" name="test_place_order_free_shipping" time="1.146" /><testcase classname="backend.tests.backend_test.TestOrders" name="test_place_order_with_custom_charge" time="1.146" /><testcase classname="backend.tests.backend_test.TestOrders" name="test_place_order_with_coupon" time="1.148" /><testcase classname="backend.tests.backend_test.TestOrders" name="test_orders_me" time="0.047" /><testcase classname="backend.tests.backend_test.TestOrders" name="test_order_detail_owner" time="0.091" /><testcase classname="backend.tests.backend_test.TestOrders" name="test_order_detail_forbidden" time="0.361" /><testcase classname="backend.tests.backend_test.TestBookings" name="test_place_booking" time="0.045" /><testcase classname="backend.tests.backend_test.TestBookings" name="test_booking_store_mode" time="1.147" /><testcase classname="backend.tests.backend_test.TestBookings" name="test_bookings_me" time="0.047" /><testcase classname="backend.tests.backend_test.TestBookings" name="test_booking_no_auth" time="0.148" /><testcase classname="backend.tests.backend_test.TestAdmin" name="test_admin_role_check_customer" time="0.057" /><testcase classname="backend.tests.backend_test.TestAdmin" name="test_admin_no_token" time="0.136" /><testcase classname="backend.tests.backend_test.TestAdmin" name="test_admin_stats" time="0.330" /><testcase classname="backend.tests.backend_test.TestAdmin" name="test_admin_orders" time="0.048" /><testcase classname="backend.tests.backend_test.TestAdmin" name="test_admin_update_order_status" time="0.146" /><testcase classname="backend.tests.backend_test.TestAdmin" name="test_admin_bookings" time="0.080" /><testcase classname="backend.tests.backend_test.TestAdmin" name="test_admin_update_booking_status" time="0.104" /><testcase classname="backend.tests.backend_test.TestAdmin" name="test_admin_customers" time="0.049" /><testcase classname="backend.tests.backend_test.TestAdmin" name="test_admin_product_crud" time="0.255" /><testcase classname="backend.tests.backend_test.TestAdmin" name="test_admin_coupon_crud" time="0.244" /></testsuite></testsuites>